%!Adobe-FontList 1.23
%Locale:0x419

%BeginFont
Handler:DirectoryHandler
FontType:Invalid
OutlineFileName:C:\Users\bkmze\Desktop\Мои проекты\react-coin\public\assets\Font\NeueMachina-Bold.woff2
FileModTime:1695185104
%EndFont

%BeginFont
Handler:DirectoryHandler
FontType:Invalid
OutlineFileName:C:\Users\bkmze\Desktop\Мои проекты\react-coin\public\assets\Font\NeueMachina-Medium.woff2
FileModTime:1695185104
%EndFont

%BeginFont
Handler:DirectoryHandler
FontType:Invalid
OutlineFileName:C:\Users\bkmze\Desktop\Мои проекты\react-coin\public\assets\Font\NeueMachina-Ultrabold.woff2
FileModTime:1695185104
%EndFont

